<?xml version="1.0" encoding="UTF-8"?>
<!-- Generated by org.testng.reporters.JUnitReportReporter -->
<testsuite skipped="0" hostname="IBM047-PC062ZK8" name="com.training.functional.test.CYTC_052MemberContactPaymentTest" tests="12" failures="0" timestamp="13 Feb 2019 21:01:25 GMT" time="76.560" errors="0">
  <testcase name="validAdminLoginTest" time="6.516" classname="com.training.functional.test.CYTC_052MemberContactPaymentTest"/>
  <testcase name="validPersonalTest" time="10.617" classname="com.training.functional.test.CYTC_052MemberContactPaymentTest"/>
  <testcase name="clickOnContract" time="5.687" classname="com.training.functional.test.CYTC_052MemberContactPaymentTest"/>
  <testcase name="validCredentialMemberTest" time="8.532" classname="com.training.functional.test.CYTC_052MemberContactPaymentTest"/>
  <testcase name="validSubmitButtonTest" time="5.643" classname="com.training.functional.test.CYTC_052MemberContactPaymentTest"/>
  <testcase name="validOKButtonTest" time="5.438" classname="com.training.functional.test.CYTC_052MemberContactPaymentTest"/>
  <testcase name="validContactAddTest" time="5.788" classname="com.training.functional.test.CYTC_052MemberContactPaymentTest"/>
  <testcase name="validMakePaymentTest" time="5.598" classname="com.training.functional.test.CYTC_052MemberContactPaymentTest"/>
  <testcase name="validDescriptionTest" time="5.210" classname="com.training.functional.test.CYTC_052MemberContactPaymentTest"/>
  <testcase name="validSubmitPaymentTest" time="5.849" classname="com.training.functional.test.CYTC_052MemberContactPaymentTest"/>
  <testcase name="validSubmitsavePaymentTest" time="5.890" classname="com.training.functional.test.CYTC_052MemberContactPaymentTest"/>
  <testcase name="validLogoutTest" time="5.792" classname="com.training.functional.test.CYTC_052MemberContactPaymentTest"/>
</testsuite> <!-- com.training.functional.test.CYTC_052MemberContactPaymentTest -->
