<?xml version="1.0" encoding="UTF-8"?>
<!-- Generated by org.testng.reporters.JUnitReportReporter -->
<testsuite skipped="0" hostname="IBM047-PC062ZK8" name="com.training.functional.test.CYTC_053LoanAndAddUserGroup" tests="5" failures="0" timestamp="14 Feb 2019 01:25:44 GMT" time="28.576" errors="0">
  <testcase name="validAdminLoginTest" time="6.469" classname="com.training.functional.test.CYTC_053LoanAndAddUserGroup"/>
  <testcase name="validUsersAndGroupTest" time="5.584" classname="com.training.functional.test.CYTC_053LoanAndAddUserGroup"/>
  <testcase name="validLoanGroupsTest" time="5.741" classname="com.training.functional.test.CYTC_053LoanAndAddUserGroup"/>
  <testcase name="validSubmitLoanGroupTest" time="5.621" classname="com.training.functional.test.CYTC_053LoanAndAddUserGroup"/>
  <testcase name="validLoanGroupDetailsTest" time="5.161" classname="com.training.functional.test.CYTC_053LoanAndAddUserGroup"/>
</testsuite> <!-- com.training.functional.test.CYTC_053LoanAndAddUserGroup -->
