<?xml version="1.0" encoding="UTF-8"?>
<!-- Generated by org.testng.reporters.JUnitReportReporter -->
<testsuite skipped="0" hostname="IBM047-PC062ZK8" name="functionaltest.CyclosLoginTest" tests="1" failures="0" timestamp="23 Jan 2019 08:39:07 GMT" time="12.031" errors="0">
  <testcase name="validLoginTest" time="12.031" classname="functionaltest.CyclosLoginTest"/>
</testsuite> <!-- functionaltest.CyclosLoginTest -->
