<?xml version="1.0" encoding="UTF-8"?>
<!-- Generated by org.testng.reporters.JUnitReportReporter -->
<testsuite skipped="0" hostname="IBM047-PC062ZK8" name="com.training.functional.test.ViewMemberManageMessageTest" tests="6" failures="0" timestamp="03 Feb 2019 20:56:27 GMT" time="39.623" errors="0">
  <testcase name="validLoginTest" time="6.431" classname="com.training.functional.test.ViewMemberManageMessageTest"/>
  <testcase name="validPersonalTest" time="10.623" classname="com.training.functional.test.ViewMemberManageMessageTest"/>
  <testcase name="validMessageTest" time="5.814" classname="com.training.functional.test.ViewMemberManageMessageTest"/>
  <testcase name="validViewMessageTest" time="5.826" classname="com.training.functional.test.ViewMemberManageMessageTest"/>
  <testcase name="validMessageMoveToTrashTest" time="5.527" classname="com.training.functional.test.ViewMemberManageMessageTest"/>
  <testcase name="validMessageRemoveTest" time="5.402" classname="com.training.functional.test.ViewMemberManageMessageTest"/>
</testsuite> <!-- com.training.functional.test.ViewMemberManageMessageTest -->
