<?xml version="1.0" encoding="UTF-8"?>
<!-- Generated by org.testng.reporters.JUnitReportReporter -->
<testsuite skipped="0" hostname="IBM047-PC062ZK8" name="com.training.functional.test.LoanAndAddUserGroup" tests="5" failures="0" timestamp="06 Feb 2019 23:46:35 GMT" time="28.756" errors="0">
  <testcase name="validAdminLoginTest" time="6.432" classname="com.training.functional.test.LoanAndAddUserGroup"/>
  <testcase name="validUsersAndGroupTest" time="5.611" classname="com.training.functional.test.LoanAndAddUserGroup"/>
  <testcase name="validLoanGroupsTest" time="5.824" classname="com.training.functional.test.LoanAndAddUserGroup"/>
  <testcase name="validSubmitLoanGroupTest" time="5.740" classname="com.training.functional.test.LoanAndAddUserGroup"/>
  <testcase name="validLoanGroupDetailsTest" time="5.149" classname="com.training.functional.test.LoanAndAddUserGroup"/>
</testsuite> <!-- com.training.functional.test.LoanAndAddUserGroup -->
