<?xml version="1.0" encoding="UTF-8"?>
<!-- Generated by org.testng.reporters.JUnitReportReporter -->
<testsuite skipped="0" hostname="IBM047-PC062ZK8" name="com.training.functional.test.AdvertisementTest" tests="19" failures="0" timestamp="05 Feb 2019 23:46:45 GMT" time="109.206" errors="0">
  <testcase name="validAdminLoginTest" time="6.562" classname="com.training.functional.test.AdvertisementTest"/>
  <testcase name="validAvertisementTabTest" time="5.548" classname="com.training.functional.test.AdvertisementTest"/>
  <testcase name="validManageCategoriesTest" time="6.163" classname="com.training.functional.test.AdvertisementTest"/>
  <testcase name="validSubmitNewcategoryTest" time="6.000" classname="com.training.functional.test.AdvertisementTest"/>
  <testcase name="validcategoryDetailsTest" time="5.618" classname="com.training.functional.test.AdvertisementTest"/>
  <testcase name="validcategorySubmitTest" time="5.592" classname="com.training.functional.test.AdvertisementTest"/>
  <testcase name="validcategorySubmitsaveTest" time="5.599" classname="com.training.functional.test.AdvertisementTest"/>
  <testcase name="validHomePageTest" time="5.709" classname="com.training.functional.test.AdvertisementTest"/>
  <testcase name="validCredentialsMemberTest" time="6.048" classname="com.training.functional.test.AdvertisementTest"/>
  <testcase name="validManageAdvertisementsTest" time="5.472" classname="com.training.functional.test.AdvertisementTest"/>
  <testcase name="validInsertNewAdvertisementTest" time="5.515" classname="com.training.functional.test.AdvertisementTest"/>
  <testcase name="validTitleTextboxTest" time="5.256" classname="com.training.functional.test.AdvertisementTest"/>
  <testcase name="validSelectCategoryTest" time="8.165" classname="com.training.functional.test.AdvertisementTest"/>
  <testcase name="validPriceTextBoxTest" time="5.297" classname="com.training.functional.test.AdvertisementTest"/>
  <testcase name="validNotExpirableCheckBoxTest" time="5.193" classname="com.training.functional.test.AdvertisementTest"/>
  <testcase name="validDescriptionTextTest" time="5.341" classname="com.training.functional.test.AdvertisementTest"/>
  <testcase name="validDescriptionTextBoxTest" time="5.625" classname="com.training.functional.test.AdvertisementTest"/>
  <testcase name="validOKTest" time="5.051" classname="com.training.functional.test.AdvertisementTest"/>
  <testcase name="validBackBtnTest" time="5.452" classname="com.training.functional.test.AdvertisementTest"/>
</testsuite> <!-- com.training.functional.test.AdvertisementTest -->
