<?xml version="1.0" encoding="UTF-8"?>
<!-- Generated by org.testng.reporters.JUnitReportReporter -->
<testsuite skipped="0" hostname="IBM047-PC062ZK8" name="com.training.functional.test.ViewMemberMessageTest" tests="4" failures="0" timestamp="07 Feb 2019 18:27:20 GMT" time="28.895" errors="0">
  <testcase name="validLoginTest" time="6.736" classname="com.training.functional.test.ViewMemberMessageTest"/>
  <testcase name="validPersonalTest" time="10.573" classname="com.training.functional.test.ViewMemberMessageTest"/>
  <testcase name="validMessageTest" time="5.851" classname="com.training.functional.test.ViewMemberMessageTest"/>
  <testcase name="validViewMessageTest" time="5.735" classname="com.training.functional.test.ViewMemberMessageTest"/>
</testsuite> <!-- com.training.functional.test.ViewMemberMessageTest -->
