<?xml version="1.0" encoding="UTF-8"?>
<!-- Generated by org.testng.reporters.JUnitReportReporter -->
<testsuite skipped="0" hostname="IBM047-PC062ZK8" name="com.training.functional.test.MemberContactPaymentTest" tests="12" failures="0" timestamp="05 Feb 2019 22:32:53 GMT" time="76.782" errors="0">
  <testcase name="validAdminLoginTest" time="6.447" classname="com.training.functional.test.MemberContactPaymentTest"/>
  <testcase name="validPersonalTest" time="10.580" classname="com.training.functional.test.MemberContactPaymentTest"/>
  <testcase name="clickOnContract" time="5.764" classname="com.training.functional.test.MemberContactPaymentTest"/>
  <testcase name="validCredentialMemberTest" time="8.621" classname="com.training.functional.test.MemberContactPaymentTest"/>
  <testcase name="validSubmitButtonTest" time="5.559" classname="com.training.functional.test.MemberContactPaymentTest"/>
  <testcase name="validOKButtonTest" time="5.395" classname="com.training.functional.test.MemberContactPaymentTest"/>
  <testcase name="validContactAddTest" time="5.797" classname="com.training.functional.test.MemberContactPaymentTest"/>
  <testcase name="validMakePaymentTest" time="5.669" classname="com.training.functional.test.MemberContactPaymentTest"/>
  <testcase name="validDescriptionTest" time="5.246" classname="com.training.functional.test.MemberContactPaymentTest"/>
  <testcase name="validSubmitPaymentTest" time="5.949" classname="com.training.functional.test.MemberContactPaymentTest"/>
  <testcase name="validSubmitsavePaymentTest" time="5.954" classname="com.training.functional.test.MemberContactPaymentTest"/>
  <testcase name="validLogoutTest" time="5.801" classname="com.training.functional.test.MemberContactPaymentTest"/>
</testsuite> <!-- com.training.functional.test.MemberContactPaymentTest -->
