<?xml version="1.0" encoding="UTF-8"?>
<!-- Generated by org.testng.reporters.JUnitReportReporter -->
<testsuite skipped="0" hostname="IBM047-PC062ZK8" name="com.training.functional.test.CYTC_054UserRegisterAccess" tests="2" failures="0" timestamp="13 Feb 2019 21:05:08 GMT" time="14.691" errors="0">
  <testcase name="validAdminLoginTest" time="6.568" classname="com.training.functional.test.CYTC_054UserRegisterAccess"/>
  <testcase name="validAdminToProvideAccessToRegisteredUserTest" time="8.123" classname="com.training.functional.test.CYTC_054UserRegisterAccess"/>
</testsuite> <!-- com.training.functional.test.CYTC_054UserRegisterAccess -->
