<?xml version="1.0" encoding="UTF-8"?>
<!-- Generated by org.testng.reporters.JUnitReportReporter -->
<testsuite skipped="0" hostname="IBM047-PC062ZK8" name="com.training.functional.test.RepayPartialLoanTest" tests="8" failures="0" timestamp="03 Feb 2019 20:53:04 GMT" time="50.518" errors="0">
  <testcase name="validLoginTest" time="6.481" classname="com.training.functional.test.RepayPartialLoanTest"/>
  <testcase name="validMemberAccountMenuTest" time="10.770" classname="com.training.functional.test.RepayPartialLoanTest"/>
  <testcase name="clickLoanTest" time="5.780" classname="com.training.functional.test.RepayPartialLoanTest"/>
  <testcase name="validLoanViewTest" time="5.760" classname="com.training.functional.test.RepayPartialLoanTest"/>
  <testcase name="enterAmountTest" time="5.621" classname="com.training.functional.test.RepayPartialLoanTest"/>
  <testcase name="clickRepayTest" time="5.281" classname="com.training.functional.test.RepayPartialLoanTest"/>
  <testcase name="confirmRepayTest" time="5.062" classname="com.training.functional.test.RepayPartialLoanTest"/>
  <testcase name="confirmRepayResponseTest" time="5.763" classname="com.training.functional.test.RepayPartialLoanTest"/>
</testsuite> <!-- com.training.functional.test.RepayPartialLoanTest -->
