<?xml version="1.0" encoding="UTF-8"?>
<!-- Generated by org.testng.reporters.JUnitReportReporter -->
<testsuite skipped="0" hostname="IBM047-PC062ZK8" name="com.training.functional.test.DisplayLoanInformationTest" tests="5" failures="0" timestamp="03 Feb 2019 20:50:35 GMT" time="30.045" errors="0">
  <testcase name="validAdminLoginTest" time="6.528" classname="com.training.functional.test.DisplayLoanInformationTest"/>
  <testcase name="accountMenuLinkTest" time="5.563" classname="com.training.functional.test.DisplayLoanInformationTest"/>
  <testcase name="validLoanTransactionTest" time="6.355" classname="com.training.functional.test.DisplayLoanInformationTest"/>
  <testcase name="clickViewLoanIconTest" time="5.795" classname="com.training.functional.test.DisplayLoanInformationTest"/>
  <testcase name="validBackButtonTest" time="5.804" classname="com.training.functional.test.DisplayLoanInformationTest"/>
</testsuite> <!-- com.training.functional.test.DisplayLoanInformationTest -->
