<?xml version="1.0" encoding="UTF-8"?>
<!-- Generated by org.testng.reporters.JUnitReportReporter -->
<testsuite skipped="0" hostname="IBM047-PC062ZK8" name="com.training.functional.test.CYTC_084MemberPaymentSearchTest" tests="7" failures="0" timestamp="14 Feb 2019 01:23:21 GMT" time="45.699" errors="0">
  <testcase name="validLoginTest" time="6.572" classname="com.training.functional.test.CYTC_084MemberPaymentSearchTest"/>
  <testcase name="validMemberAccountMenuTest" time="10.603" classname="com.training.functional.test.CYTC_084MemberPaymentSearchTest"/>
  <testcase name="clickAccountInformationTest" time="5.903" classname="com.training.functional.test.CYTC_084MemberPaymentSearchTest"/>
  <testcase name="selectPaymentFilterTest" time="5.599" classname="com.training.functional.test.CYTC_084MemberPaymentSearchTest"/>
  <testcase name="clickAdvanceBtnTest" time="5.822" classname="com.training.functional.test.CYTC_084MemberPaymentSearchTest"/>
  <testcase name="memberAccountTest" time="5.466" classname="com.training.functional.test.CYTC_084MemberPaymentSearchTest"/>
  <testcase name="clickSearchBtnTest" time="5.734" classname="com.training.functional.test.CYTC_084MemberPaymentSearchTest"/>
</testsuite> <!-- com.training.functional.test.CYTC_084MemberPaymentSearchTest -->
