<?xml version="1.0" encoding="UTF-8"?>
<!-- Generated by org.testng.reporters.JUnitReportReporter -->
<testsuite skipped="0" hostname="IBM047-PC062ZK8" name="com.training.functional.test.CYTC_082MemberPayment" tests="17" failures="0" timestamp="13 Feb 2019 21:11:43 GMT" time="108.075" errors="0">
  <testcase name="validLoginTest" time="6.464" classname="com.training.functional.test.CYTC_082MemberPayment"/>
  <testcase name="validMemberAccountMenuTest" time="10.558" classname="com.training.functional.test.CYTC_082MemberPayment"/>
  <testcase name="validMemberPaymentTest" time="5.756" classname="com.training.functional.test.CYTC_082MemberPayment"/>
  <testcase name="validCredentialsLoginTest" time="6.126" classname="com.training.functional.test.CYTC_082MemberPayment"/>
  <testcase name="validCredentialsAmountTest" time="5.553" classname="com.training.functional.test.CYTC_082MemberPayment"/>
  <testcase name="validCredentialsDescriptionTest" time="5.587" classname="com.training.functional.test.CYTC_082MemberPayment"/>
  <testcase name="confirmPaymentToMemberTest" time="5.823" classname="com.training.functional.test.CYTC_082MemberPayment"/>
  <testcase name="successfulPaymentTest" time="5.998" classname="com.training.functional.test.CYTC_082MemberPayment"/>
  <testcase name="logoutTest" time="5.176" classname="com.training.functional.test.CYTC_082MemberPayment"/>
  <testcase name="sendUserNameTest" time="5.574" classname="com.training.functional.test.CYTC_082MemberPayment"/>
  <testcase name="sendPasswordTest" time="5.722" classname="com.training.functional.test.CYTC_082MemberPayment"/>
  <testcase name="clickLoginTest" time="5.926" classname="com.training.functional.test.CYTC_082MemberPayment"/>
  <testcase name="otherMemberAccountMenuTest" time="10.575" classname="com.training.functional.test.CYTC_082MemberPayment"/>
  <testcase name="clickAccountInformationTest" time="5.967" classname="com.training.functional.test.CYTC_082MemberPayment"/>
  <testcase name="selectPaymentFilterTest" time="5.882" classname="com.training.functional.test.CYTC_082MemberPayment"/>
  <testcase name="clickTransactionDetailIconTest" time="5.718" classname="com.training.functional.test.CYTC_082MemberPayment"/>
  <testcase name="clickBackButtonTest" time="5.670" classname="com.training.functional.test.CYTC_082MemberPayment"/>
</testsuite> <!-- com.training.functional.test.CYTC_082MemberPayment -->
