<?xml version="1.0" encoding="UTF-8"?>
<!-- Generated by org.testng.reporters.JUnitReportReporter -->
<testsuite skipped="0" hostname="IBM047-PC062ZK8" name="com.training.functional.test.CYTC_021DisplayLoanInformationTest" tests="5" failures="0" timestamp="13 Feb 2019 10:28:30 GMT" time="30.199" errors="0">
  <testcase name="validAdminLoginTest" time="6.860" classname="com.training.functional.test.CYTC_021DisplayLoanInformationTest"/>
  <testcase name="accountMenuLinkTest" time="5.667" classname="com.training.functional.test.CYTC_021DisplayLoanInformationTest"/>
  <testcase name="validLoanTransactionTest" time="6.163" classname="com.training.functional.test.CYTC_021DisplayLoanInformationTest"/>
  <testcase name="clickViewLoanIconTest" time="5.744" classname="com.training.functional.test.CYTC_021DisplayLoanInformationTest"/>
  <testcase name="validBackButtonTest" time="5.765" classname="com.training.functional.test.CYTC_021DisplayLoanInformationTest"/>
</testsuite> <!-- com.training.functional.test.CYTC_021DisplayLoanInformationTest -->
