<?xml version="1.0" encoding="UTF-8"?>
<!-- Generated by org.testng.reporters.JUnitReportReporter -->
<testsuite skipped="0" hostname="IBM047-PC062ZK8" name="functionaltest.CYTC_024" tests="4" failures="0" timestamp="27 Jan 2019 22:40:37 GMT" time="2.783" errors="0">
  <testcase name="validLoginTest" time="1.593" classname="functionaltest.CYTC_024"/>
  <testcase name="validPersonalTest" time="0.191" classname="functionaltest.CYTC_024"/>
  <testcase name="validMessageTest" time="0.564" classname="functionaltest.CYTC_024"/>
  <testcase name="validViewMessageTest" time="0.435" classname="functionaltest.CYTC_024"/>
</testsuite> <!-- functionaltest.CYTC_024 -->
