<?xml version="1.0" encoding="UTF-8"?>
<!-- Generated by org.testng.reporters.JUnitReportReporter -->
<testsuite skipped="0" hostname="IBM047-PC062ZK8" name="com.training.functional.test.PaymentToMemberTest" tests="8" failures="0" timestamp="03 Feb 2019 20:54:29 GMT" time="52.460" errors="0">
  <testcase name="validLoginTest" time="6.595" classname="com.training.functional.test.PaymentToMemberTest"/>
  <testcase name="validMemberAccountMenuTest" time="11.115" classname="com.training.functional.test.PaymentToMemberTest"/>
  <testcase name="validMemberPaymentTest" time="5.889" classname="com.training.functional.test.PaymentToMemberTest"/>
  <testcase name="validCredentialsLoginTest" time="5.595" classname="com.training.functional.test.PaymentToMemberTest"/>
  <testcase name="validCredentialsAmountTest" time="5.479" classname="com.training.functional.test.PaymentToMemberTest"/>
  <testcase name="validCredentialsDescriptionTest" time="5.587" classname="com.training.functional.test.PaymentToMemberTest"/>
  <testcase name="confirmPaymentToMemberTest" time="6.097" classname="com.training.functional.test.PaymentToMemberTest"/>
  <testcase name="successfulPaymentTest" time="6.103" classname="com.training.functional.test.PaymentToMemberTest"/>
</testsuite> <!-- com.training.functional.test.PaymentToMemberTest -->
