<?xml version="1.0" encoding="UTF-8"?>
<!-- Generated by org.testng.reporters.JUnitReportReporter -->
<testsuite skipped="0" hostname="IBM047-PC062ZK8" name="com.training.functional.test.CYTC_051AdvertisementTest" tests="19" failures="0" timestamp="13 Feb 2019 20:53:02 GMT" time="109.860" errors="0">
  <testcase name="validAdminLoginTest" time="6.478" classname="com.training.functional.test.CYTC_051AdvertisementTest"/>
  <testcase name="validAvertisementMenuTest" time="5.526" classname="com.training.functional.test.CYTC_051AdvertisementTest"/>
  <testcase name="validManageCategoriesTest" time="5.822" classname="com.training.functional.test.CYTC_051AdvertisementTest"/>
  <testcase name="validSubmitNewcategoryTest" time="5.510" classname="com.training.functional.test.CYTC_051AdvertisementTest"/>
  <testcase name="validCategoryDetailsTest" time="5.578" classname="com.training.functional.test.CYTC_051AdvertisementTest"/>
  <testcase name="validCategorySubmitTest" time="5.959" classname="com.training.functional.test.CYTC_051AdvertisementTest"/>
  <testcase name="validCategorySubmitSaveTest" time="5.930" classname="com.training.functional.test.CYTC_051AdvertisementTest"/>
  <testcase name="validHomePageTest" time="5.891" classname="com.training.functional.test.CYTC_051AdvertisementTest"/>
  <testcase name="validCredentialsMemberTest" time="6.042" classname="com.training.functional.test.CYTC_051AdvertisementTest"/>
  <testcase name="validUserAdvertiesmentTest" time="5.762" classname="com.training.functional.test.CYTC_051AdvertisementTest"/>
  <testcase name="validInsertNewAdvertisementTest" time="5.988" classname="com.training.functional.test.CYTC_051AdvertisementTest"/>
  <testcase name="validTitleTextboxTest" time="5.253" classname="com.training.functional.test.CYTC_051AdvertisementTest"/>
  <testcase name="validSelectCategoryTest" time="8.064" classname="com.training.functional.test.CYTC_051AdvertisementTest"/>
  <testcase name="validPriceTextBoxTest" time="5.297" classname="com.training.functional.test.CYTC_051AdvertisementTest"/>
  <testcase name="validNotExpirableCheckBoxTest" time="5.199" classname="com.training.functional.test.CYTC_051AdvertisementTest"/>
  <testcase name="validDescriptionTextTest" time="5.549" classname="com.training.functional.test.CYTC_051AdvertisementTest"/>
  <testcase name="validDescriptionTextBoxTest" time="5.626" classname="com.training.functional.test.CYTC_051AdvertisementTest"/>
  <testcase name="validOKTest" time="5.043" classname="com.training.functional.test.CYTC_051AdvertisementTest"/>
  <testcase name="validBackBtnTest" time="5.343" classname="com.training.functional.test.CYTC_051AdvertisementTest"/>
</testsuite> <!-- com.training.functional.test.CYTC_051AdvertisementTest -->
