<?xml version="1.0" encoding="UTF-8"?>
<!-- Generated by org.testng.reporters.JUnitReportReporter -->
<testsuite skipped="0" hostname="IBM047-PC062ZK8" name="com.training.functional.test.CYTC_085MemberPaymentSearchTestNegative" tests="6" failures="0" timestamp="14 Feb 2019 01:40:06 GMT" time="41.656" errors="0">
  <testcase name="validAdminLoginTest" time="6.550" classname="com.training.functional.test.CYTC_085MemberPaymentSearchTestNegative"/>
  <testcase name="validMessageTest" time="10.565" classname="com.training.functional.test.CYTC_085MemberPaymentSearchTestNegative"/>
  <testcase name="validMessageLinkTest" time="5.868" classname="com.training.functional.test.CYTC_085MemberPaymentSearchTestNegative"/>
  <testcase name="validMessagedroupdownselectionTest" time="7.288" classname="com.training.functional.test.CYTC_085MemberPaymentSearchTestNegative"/>
  <testcase name="validNewMessageTest" time="5.781" classname="com.training.functional.test.CYTC_085MemberPaymentSearchTestNegative"/>
  <testcase name="validSendMessageTest" time="5.604" classname="com.training.functional.test.CYTC_085MemberPaymentSearchTestNegative"/>
</testsuite> <!-- com.training.functional.test.CYTC_085MemberPaymentSearchTestNegative -->
