<?xml version="1.0" encoding="UTF-8"?>
<!-- Generated by org.testng.reporters.JUnitReportReporter -->
<testsuite skipped="0" hostname="IBM047-PC062ZK8" name="functionaltest.CYTC_021" tests="5" failures="0" timestamp="26 Jan 2019 12:59:42 GMT" time="32.213" errors="0">
  <testcase name="validLoginTest" time="7.450" classname="functionaltest.CYTC_021"/>
  <testcase name="validAccountTest" time="5.188" classname="functionaltest.CYTC_021"/>
  <testcase name="validLoanTest" time="7.750" classname="functionaltest.CYTC_021"/>
  <testcase name="validViewTest" time="5.876" classname="functionaltest.CYTC_021"/>
  <testcase name="validButtonTest" time="5.949" classname="functionaltest.CYTC_021"/>
</testsuite> <!-- functionaltest.CYTC_021 -->
